<?xml version="1.0" encoding="UTF-8"?>
<testsuite name="assignment.TestPerson" tests="8" skipped="0" failures="0" errors="0" timestamp="2015-04-07T00:05:43" hostname="idea-PC" time="0.011">
  <properties/>
  <testcase name="exerciseTheBasics" classname="assignment.TestPerson" time="0.003"/>
  <testcase name="setNameToNull" classname="assignment.TestPerson" time="0.0"/>
  <testcase name="viewReadabletoString" classname="assignment.TestPerson" time="0.001"/>
  <testcase name="setAgeToBeNegative" classname="assignment.TestPerson" time="0.001"/>
  <testcase name="useAgeComparator" classname="assignment.TestPerson" time="0.001"/>
  <testcase name="exercisePesonEquals" classname="assignment.TestPerson" time="0.0"/>
  <testcase name="useNaturalComparison" classname="assignment.TestPerson" time="0.0"/>
  <testcase name="catchPropertyChange" classname="assignment.TestPerson" time="0.001"/>
  <system-out><![CDATA[]]></system-out>
  <system-err><![CDATA[]]></system-err>
</testsuite>
